10
92 83 86 86 77 49 35 21 15 93 
10
62 40 36 27 90 72 59 63 26 26 
10
23 11 68 67 67 62 35 30 29 82 
10
93 67 56 42 29 11 2 22 58 69 
10
98 29 73 70 37 24 21 19 84 15 
10
96 13 26 91 81 80 73 70 62 56 
10
13 5 5 25 84 57 46 29 27 36 
10
24 95 82 67 64 50 45 43 34 14 
10
99 87 84 54 51 8 76 78 88 3 
10
94 86 32 60 76 68 39 39 26 12 
10
97 95 92 70 34 78 67 17 2 1 
10
89 65 52 56 44 41 19 1 80 86 
10
40 29 31 27 17 97 81 75 71 9 
10
67 65 56 97 83 53 86 24 19 6 
10
28 71 70 68 32 29 19 15 8 3 
10
40 49 96 55 51 46 45 23 21 18 
10
93 79 88 64 64 50 34 28 41 0 
10
91 36 27 24 14 87 65 59 56 43 
10
95 32 51 37 28 75 74 58 21 7 
10
29 37 35 93 43 29 28 28 18 11 
10
76 40 38 18 6 4 4 43 63 13 
10
96 28 88 83 70 69 43 24 17 17 
10
90 99 90 86 72 54 39 25 44 5 
10
69 82 55 48 42 64 97 11 7 4 
10
22 28 99 68 43 46 40 22 11 10 
10
26 20 5 5 1 61 44 36 30 78 
10
22 65 62 58 37 24 24 8 16 82 
10
73 71 68 50 31 0 36 52 99 79 
10
99 99 96 81 81 63 30 33 94 60 
10
95 84 59 73 66 40 26 13 68 90 
10
90 84 79 76 56 45 42 36 18 7 
10
87 87 42 36 12 48 72 59 10 9 
10
99 19 6 4 1 13 72 55 21 21 
10
84 39 28 27 11 40 67 58 50 5 
10
92 84 81 72 30 20 24 22 69 96 
10
99 98 72 50 42 40 25 85 22 13 
10
98 90 81 55 36 32 24 90 19 9 
10
94 76 60 55 50 42 4 79 69 73 
10
79 84 93 67 61 54 13 5 21 4 
10
84 68 26 59 44 42 21 6 2 2 
10
98 28 89 72 53 48 36 8 8 58 
10
68 67 54 46 29 3 33 33 48 90 
10
33 3 0 46 88 97 97 90 63 49 
10
96 53 92 88 86 75 57 29 25 52 
10
36 60 50 48 28 27 14 21 60 4 
10
56 43 39 28 3 2 2 94 97 99 
10
92 35 34 0 81 51 47 39 38 59 
10
85 64 43 35 29 15 27 4 29 49 
10
95 92 89 88 77 67 0 38 71 49 
10
43 44 41 40 32 29 90 82 69 26 
10
90 81 61 61 42 60 25 17 23 9 
10
96 68 67 77 57 34 90 26 24 14 
10
94 5 58 52 46 26 16 12 86 0 
10
93 78 70 51 31 29 46 90 80 47 
10
90 57 55 27 12 12 12 86 79 14 
10
41 33 20 10 69 89 88 87 74 55 
10
38 66 70 84 60 56 49 37 17 6 
10
83 73 73 5 59 58 37 17 18 45 
10
89 83 71 59 29 14 7 78 57 0 
10
93 58 57 18 38 33 25 88 81 74 
10
70 99 94 73 63 47 22 17 39 69 
10
31 62 82 90 92 91 57 57 21 15 
10
74 91 54 47 51 40 37 31 30 21 
10
98 96 39 31 25 81 16 16 4 2 
10
85 38 80 79 77 62 18 21 70 12 
10
99 36 11 4 76 83 59 57 44 7 
10
63 27 50 49 44 36 60 18 11 5 
10
93 18 14 5 34 91 89 75 68 55 
10
93 93 5 82 74 30 26 22 82 17 
10
86 79 77 75 62 53 43 74 14 13 
10
91 88 46 37 35 19 17 10 32 94 
10
91 53 43 73 36 28 25 18 17 10 
10
63 61 55 90 85 71 58 33 30 4 
10
89 85 73 68 50 6 4 51 5 3 
10
96 95 81 77 63 39 49 26 20 67 
10
96 65 60 42 36 55 70 32 18 11 
10
79 72 40 34 27 21 70 84 83 72 
10
98 73 59 30 30 63 47 50 22 14 
10
98 86 47 43 24 82 54 35 32 4 
10
83 40 78 59 62 62 48 41 24 23 
10
76 72 71 65 57 47 22 54 35 21 
10
69 59 33 28 18 7 6 1 3 53 
10
98 98 97 91 76 20 84 15 8 34 
10
52 71 89 59 39 24 16 10 9 6 
10
89 0 78 67 38 26 14 9 53 81 
10
47 23 87 81 79 75 50 31 32 22 
10
94 90 81 81 57 54 50 31 13 3 
10
96 20 33 82 81 87 25 22 15 4 
10
92 81 57 51 97 32 34 15 8 6 
10
95 99 87 77 76 62 97 83 54 9 
10
86 85 32 82 82 60 21 66 63 11 
10
92 85 76 30 90 83 25 20 16 14 
10
28 39 37 28 25 90 60 43 36 18 
10
82 70 53 37 25 21 15 10 55 88 
10
97 27 26 8 22 83 71 69 50 57 
10
98 93 88 77 51 49 10 10 28 39 
10
90 87 77 76 99 99 66 57 52 31 
10
98 95 84 76 52 17 41 35 68 5 
10
97 93 78 72 66 55 28 54 28 8 
10
83 82 74 45 27 21 12 0 25 97 
